{"action":"REGISTER","email":"hassanafnan09@gmail.com","level":"info","message":"User registered","name":"Afnan Hassan","timestamp":"2025-02-19T16:30:09.171Z","userId":"67b60711bac6db846e403a46"}
{"action":"REGISTER_ERROR","error":"jwt is not defined","level":"error","message":"Registration error","stack":"ReferenceError: jwt is not defined\n    at register (D:\\JOBS\\Content Analyzer\\controllers\\auth.js:32:21)\n    at process.processTicksAndRejections (node:internal/process/task_queues:105:5)","timestamp":"2025-02-19T16:31:08.316Z"}
{"action":"REGISTER","email":"hassanafnan09@gmail.com","level":"info","message":"User registered","name":"Afnan Hassan","timestamp":"2025-02-19T16:31:34.973Z","userId":"67b60766e82bc45a30ed52eb"}
{"action":"LOGIN","email":"hassanafnan09@gmail.com","level":"info","message":"User logged in","timestamp":"2025-02-19T16:33:10.160Z","userId":"67b60766e82bc45a30ed52eb"}
{"action":"LOGIN","email":"hassanafnan09@gmail.com","level":"info","message":"User logged in","timestamp":"2025-02-19T16:38:54.403Z","userId":"67b60766e82bc45a30ed52eb"}
{"action":"CREATE_CONTENT_START","contentType":"comment","level":"info","message":"Content creation started","timestamp":"2025-02-19T16:40:10.304Z","userId":"67b60766e82bc45a30ed52eb"}
{"action":"CONTENT_MODERATION","classification":"Safe","contentType":"comment","level":"info","message":"Content moderation result","moderationScore":0,"timestamp":"2025-02-19T16:40:13.930Z","userId":"67b60766e82bc45a30ed52eb"}
{"action":"CREATE_CONTENT_SUCCESS","classification":"Safe","contentId":"67b6096dd7fa887b9d405d86","contentType":"comment","level":"info","message":"Content created successfully","timestamp":"2025-02-19T16:40:14.061Z","userId":"67b60766e82bc45a30ed52eb"}
{"action":"CREATE_CONTENT_START","contentType":"post","level":"info","message":"Content creation started","timestamp":"2025-02-19T16:41:01.518Z","userId":"67b60766e82bc45a30ed52eb"}
{"action":"CONTENT_MODERATION","classification":"Harmful","contentType":"post","level":"info","message":"Content moderation result","moderationScore":100,"timestamp":"2025-02-19T16:41:04.373Z","userId":"67b60766e82bc45a30ed52eb"}
{"action":"CREATE_CONTENT_SUCCESS","classification":"Harmful","contentId":"67b609a0d7fa887b9d405d90","contentType":"post","level":"info","message":"Content created successfully","timestamp":"2025-02-19T16:41:04.504Z","userId":"67b60766e82bc45a30ed52eb"}
{"action":"CREATE_CONTENT_START","contentType":"file","level":"info","message":"Content creation started","timestamp":"2025-02-19T16:41:42.786Z","userId":"67b60766e82bc45a30ed52eb"}
{"action":"CONTENT_MODERATION","classification":"Safe","contentType":"file","level":"info","message":"Content moderation result","moderationScore":0,"timestamp":"2025-02-19T16:41:50.659Z","userId":"67b60766e82bc45a30ed52eb"}
{"action":"CREATE_CONTENT_SUCCESS","classification":"Safe","contentId":"67b609ced7fa887b9d405d9a","contentType":"file","level":"info","message":"Content created successfully","timestamp":"2025-02-19T16:41:50.786Z","userId":"67b60766e82bc45a30ed52eb"}
{"action":"REGISTER","email":"hello.ghaus@gmail.com","level":"info","message":"User registered","name":"Ghaus Malik","timestamp":"2025-02-19T16:47:47.185Z","userId":"67b60b33d7fa887b9d405daa"}
{"action":"LOGIN","email":"hello.ghaus@gmail.com","level":"info","message":"User logged in","timestamp":"2025-02-19T16:48:32.832Z","userId":"67b60b33d7fa887b9d405daa"}
{"action":"ADMIN_BAN_SUCCESS","adminId":"67b60b33d7fa887b9d405daa","banDuration":2,"level":"info","message":"User banned successfully","targetUserId":"67b60766e82bc45a30ed52eb","timestamp":"2025-02-19T16:55:45.045Z"}
{"action":"GET_LOGS","adminId":"67b60b33d7fa887b9d405daa","level":"info","message":"Logs retrieved","query":{},"timestamp":"2025-02-19T16:56:45.726Z"}
{"action":"MANUAL_ANALYSIS_TRIGGER","adminId":"67b60b33d7fa887b9d405daa","level":"info","message":"Manual analysis triggered by admin","timestamp":"2025-02-19T17:09:49.788Z"}
{"action":"ANALYSIS_REPORT_GENERATED","level":"info","message":"Analysis reports generated","reportFiles":["D:\\JOBS\\Content Analyzer\\reports\\ai-analysis\\analysis-2025-02-19.json","D:\\JOBS\\Content Analyzer\\reports\\ai-analysis\\analysis-2025-02-19.html"],"timestamp":"2025-02-19T17:09:56.378Z"}
{"action":"AI_LOG_ANALYSIS_COMPLETE","level":"info","message":"AI Log analysis completed","reportSummary":{"clean":0,"highSuspicion":0,"lowSuspicion":1,"mediumSuspicion":0},"timestamp":"2025-02-19T17:09:56.386Z"}
